Grammar

    0 $accept: system "end of file"

    1 $@1: ε

    2 system: eol_sequence "system" ":" "identifier" attr_list end_declaration $@1 declaration_list
    3       | error "end of file"

    4 declaration_list: non_empty_declaration_list eol_sequence
    5                 | eol_sequence

    6 non_empty_declaration_list: eol_sequence declaration
    7                           | non_empty_declaration_list eol_sequence declaration

    8 declaration: "clock" ":" uinteger ":" "identifier" attr_list end_declaration
    9            | "edge" ":" "identifier" ":" "identifier" ":" "identifier" ":" "identifier" attr_list end_declaration
   10            | "event" ":" "identifier" attr_list end_declaration
   11            | "int" ":" uinteger ":" integer ":" integer ":" integer ":" "identifier" attr_list end_declaration
   12            | "location" ":" "identifier" ":" "identifier" attr_list end_declaration
   13            | "process" ":" "identifier" attr_list end_declaration
   14            | "sync" ":" sync_constraint_list attr_list end_declaration
   15            | error end_declaration

   16 attr_list: "{" non_empty_attr_list "}"
   17          | "{" "}"
   18          | ε

   19 non_empty_attr_list: attr
   20                    | non_empty_attr_list ":" attr

   21 attr: "identifier" ":" text_or_empty

   22 text_or_empty: "text value"
   23              | ε

   24 sync_constraint_list: sync_constraint
   25                     | sync_constraint_list ":" sync_constraint

   26 sync_constraint: "identifier" "@" "identifier" sync_strength

   27 sync_strength: "?"
   28              | ε

   29 end_declaration: "\n"
   30                | "end of file"

   31 eol_sequence: eol_sequence "\n"
   32             | ε

   33 integer: "integer value"

   34 uinteger: "integer value"


Terminals, with rules where they appear

    "end of file" (0) 0 3 30
    error (256) 3 15
    "clock" (258) 8
    ":" (259) 2 8 9 10 11 12 13 14 20 21 25
    "@" (260) 26
    "?" (261) 27
    "{" (262) 16 17
    "}" (263) 16 17
    "edge" (264) 9
    "\n" (265) 29 31
    "event" (266) 10
    "identifier" <std::string> (267) 2 8 9 10 11 12 13 21 26
    "int" (268) 11
    "integer value" <std::string> (269) 33 34
    "location" (270) 12
    "process" (271) 13
    "sync" (272) 14
    "system" (273) 2
    "text value" <std::string> (274) 22


Nonterminals, with rules where they appear

    $accept (20)
        on left: 0
    system (21)
        on left: 2 3
        on right: 0
    $@1 (22)
        on left: 1
        on right: 2
    declaration_list (23)
        on left: 4 5
        on right: 2
    non_empty_declaration_list (24)
        on left: 6 7
        on right: 4 7
    declaration (25)
        on left: 8 9 10 11 12 13 14 15
        on right: 6 7
    attr_list <tchecker::parsing::attributes_t> (26)
        on left: 16 17 18
        on right: 2 8 9 10 11 12 13 14
    non_empty_attr_list <tchecker::parsing::attributes_t> (27)
        on left: 19 20
        on right: 16 20
    attr <std::shared_ptr<tchecker::parsing::attr_t>> (28)
        on left: 21
        on right: 19 20
    text_or_empty <std::string> (29)
        on left: 22 23
        on right: 21
    sync_constraint_list <std::vector<std::shared_ptr<tchecker::parsing::sync_constraint_t>>> (30)
        on left: 24 25
        on right: 14 25
    sync_constraint <std::shared_ptr<tchecker::parsing::sync_constraint_t>> (31)
        on left: 26
        on right: 24 25
    sync_strength <enum tchecker::sync_strength_t> (32)
        on left: 27 28
        on right: 26
    end_declaration (33)
        on left: 29 30
        on right: 2 8 9 10 11 12 13 14 15
    eol_sequence (34)
        on left: 31 32
        on right: 2 4 5 6 7 31
    integer <tchecker::integer_t> (35)
        on left: 33
        on right: 11
    uinteger <unsigned int> (36)
        on left: 34
        on right: 8 11


State 0

    0 $accept: • system "end of file"

    error  shift, and go to state 1

    "\n"      reduce using rule 32 (eol_sequence)
    "system"  reduce using rule 32 (eol_sequence)

    system        go to state 2
    eol_sequence  go to state 3


State 1

    3 system: error • "end of file"

    "end of file"  shift, and go to state 4


State 2

    0 $accept: system • "end of file"

    "end of file"  shift, and go to state 5


State 3

    2 system: eol_sequence • "system" ":" "identifier" attr_list end_declaration $@1 declaration_list
   31 eol_sequence: eol_sequence • "\n"

    "\n"      shift, and go to state 6
    "system"  shift, and go to state 7


State 4

    3 system: error "end of file" •

    $default  reduce using rule 3 (system)


State 5

    0 $accept: system "end of file" •

    $default  accept


State 6

   31 eol_sequence: eol_sequence "\n" •

    $default  reduce using rule 31 (eol_sequence)


State 7

    2 system: eol_sequence "system" • ":" "identifier" attr_list end_declaration $@1 declaration_list

    ":"  shift, and go to state 8


State 8

    2 system: eol_sequence "system" ":" • "identifier" attr_list end_declaration $@1 declaration_list

    "identifier"  shift, and go to state 9


State 9

    2 system: eol_sequence "system" ":" "identifier" • attr_list end_declaration $@1 declaration_list

    "{"  shift, and go to state 10

    $default  reduce using rule 18 (attr_list)

    attr_list  go to state 11


State 10

   16 attr_list: "{" • non_empty_attr_list "}"
   17          | "{" • "}"

    "}"           shift, and go to state 12
    "identifier"  shift, and go to state 13

    non_empty_attr_list  go to state 14
    attr                 go to state 15


State 11

    2 system: eol_sequence "system" ":" "identifier" attr_list • end_declaration $@1 declaration_list

    "end of file"  shift, and go to state 16
    "\n"           shift, and go to state 17

    end_declaration  go to state 18


State 12

   17 attr_list: "{" "}" •

    $default  reduce using rule 17 (attr_list)


State 13

   21 attr: "identifier" • ":" text_or_empty

    ":"  shift, and go to state 19


State 14

   16 attr_list: "{" non_empty_attr_list • "}"
   20 non_empty_attr_list: non_empty_attr_list • ":" attr

    ":"  shift, and go to state 20
    "}"  shift, and go to state 21


State 15

   19 non_empty_attr_list: attr •

    $default  reduce using rule 19 (non_empty_attr_list)


State 16

   30 end_declaration: "end of file" •

    $default  reduce using rule 30 (end_declaration)


State 17

   29 end_declaration: "\n" •

    $default  reduce using rule 29 (end_declaration)


State 18

    2 system: eol_sequence "system" ":" "identifier" attr_list end_declaration • $@1 declaration_list

    $default  reduce using rule 1 ($@1)

    $@1  go to state 22


State 19

   21 attr: "identifier" ":" • text_or_empty

    "text value"  shift, and go to state 23

    $default  reduce using rule 23 (text_or_empty)

    text_or_empty  go to state 24


State 20

   20 non_empty_attr_list: non_empty_attr_list ":" • attr

    "identifier"  shift, and go to state 13

    attr  go to state 25


State 21

   16 attr_list: "{" non_empty_attr_list "}" •

    $default  reduce using rule 16 (attr_list)


State 22

    2 system: eol_sequence "system" ":" "identifier" attr_list end_declaration $@1 • declaration_list

    $default  reduce using rule 32 (eol_sequence)

    declaration_list            go to state 26
    non_empty_declaration_list  go to state 27
    eol_sequence                go to state 28


State 23

   22 text_or_empty: "text value" •

    $default  reduce using rule 22 (text_or_empty)


State 24

   21 attr: "identifier" ":" text_or_empty •

    $default  reduce using rule 21 (attr)


State 25

   20 non_empty_attr_list: non_empty_attr_list ":" attr •

    $default  reduce using rule 20 (non_empty_attr_list)


State 26

    2 system: eol_sequence "system" ":" "identifier" attr_list end_declaration $@1 declaration_list •

    $default  reduce using rule 2 (system)


State 27

    4 declaration_list: non_empty_declaration_list • eol_sequence
    7 non_empty_declaration_list: non_empty_declaration_list • eol_sequence declaration

    $default  reduce using rule 32 (eol_sequence)

    eol_sequence  go to state 29


State 28

    5 declaration_list: eol_sequence •
    6 non_empty_declaration_list: eol_sequence • declaration
   31 eol_sequence: eol_sequence • "\n"

    error       shift, and go to state 30
    "clock"     shift, and go to state 31
    "edge"      shift, and go to state 32
    "\n"        shift, and go to state 6
    "event"     shift, and go to state 33
    "int"       shift, and go to state 34
    "location"  shift, and go to state 35
    "process"   shift, and go to state 36
    "sync"      shift, and go to state 37

    "end of file"  reduce using rule 5 (declaration_list)

    declaration  go to state 38


State 29

    4 declaration_list: non_empty_declaration_list eol_sequence •
    7 non_empty_declaration_list: non_empty_declaration_list eol_sequence • declaration
   31 eol_sequence: eol_sequence • "\n"

    error       shift, and go to state 30
    "clock"     shift, and go to state 31
    "edge"      shift, and go to state 32
    "\n"        shift, and go to state 6
    "event"     shift, and go to state 33
    "int"       shift, and go to state 34
    "location"  shift, and go to state 35
    "process"   shift, and go to state 36
    "sync"      shift, and go to state 37

    "end of file"  reduce using rule 4 (declaration_list)

    declaration  go to state 39


State 30

   15 declaration: error • end_declaration

    "end of file"  shift, and go to state 16
    "\n"           shift, and go to state 17

    end_declaration  go to state 40


State 31

    8 declaration: "clock" • ":" uinteger ":" "identifier" attr_list end_declaration

    ":"  shift, and go to state 41


State 32

    9 declaration: "edge" • ":" "identifier" ":" "identifier" ":" "identifier" ":" "identifier" attr_list end_declaration

    ":"  shift, and go to state 42


State 33

   10 declaration: "event" • ":" "identifier" attr_list end_declaration

    ":"  shift, and go to state 43


State 34

   11 declaration: "int" • ":" uinteger ":" integer ":" integer ":" integer ":" "identifier" attr_list end_declaration

    ":"  shift, and go to state 44


State 35

   12 declaration: "location" • ":" "identifier" ":" "identifier" attr_list end_declaration

    ":"  shift, and go to state 45


State 36

   13 declaration: "process" • ":" "identifier" attr_list end_declaration

    ":"  shift, and go to state 46


State 37

   14 declaration: "sync" • ":" sync_constraint_list attr_list end_declaration

    ":"  shift, and go to state 47


State 38

    6 non_empty_declaration_list: eol_sequence declaration •

    $default  reduce using rule 6 (non_empty_declaration_list)


State 39

    7 non_empty_declaration_list: non_empty_declaration_list eol_sequence declaration •

    $default  reduce using rule 7 (non_empty_declaration_list)


State 40

   15 declaration: error end_declaration •

    $default  reduce using rule 15 (declaration)


State 41

    8 declaration: "clock" ":" • uinteger ":" "identifier" attr_list end_declaration

    "integer value"  shift, and go to state 48

    uinteger  go to state 49


State 42

    9 declaration: "edge" ":" • "identifier" ":" "identifier" ":" "identifier" ":" "identifier" attr_list end_declaration

    "identifier"  shift, and go to state 50


State 43

   10 declaration: "event" ":" • "identifier" attr_list end_declaration

    "identifier"  shift, and go to state 51


State 44

   11 declaration: "int" ":" • uinteger ":" integer ":" integer ":" integer ":" "identifier" attr_list end_declaration

    "integer value"  shift, and go to state 48

    uinteger  go to state 52


State 45

   12 declaration: "location" ":" • "identifier" ":" "identifier" attr_list end_declaration

    "identifier"  shift, and go to state 53


State 46

   13 declaration: "process" ":" • "identifier" attr_list end_declaration

    "identifier"  shift, and go to state 54


State 47

   14 declaration: "sync" ":" • sync_constraint_list attr_list end_declaration

    "identifier"  shift, and go to state 55

    sync_constraint_list  go to state 56
    sync_constraint       go to state 57


State 48

   34 uinteger: "integer value" •

    $default  reduce using rule 34 (uinteger)


State 49

    8 declaration: "clock" ":" uinteger • ":" "identifier" attr_list end_declaration

    ":"  shift, and go to state 58


State 50

    9 declaration: "edge" ":" "identifier" • ":" "identifier" ":" "identifier" ":" "identifier" attr_list end_declaration

    ":"  shift, and go to state 59


State 51

   10 declaration: "event" ":" "identifier" • attr_list end_declaration

    "{"  shift, and go to state 10

    $default  reduce using rule 18 (attr_list)

    attr_list  go to state 60


State 52

   11 declaration: "int" ":" uinteger • ":" integer ":" integer ":" integer ":" "identifier" attr_list end_declaration

    ":"  shift, and go to state 61


State 53

   12 declaration: "location" ":" "identifier" • ":" "identifier" attr_list end_declaration

    ":"  shift, and go to state 62


State 54

   13 declaration: "process" ":" "identifier" • attr_list end_declaration

    "{"  shift, and go to state 10

    $default  reduce using rule 18 (attr_list)

    attr_list  go to state 63


State 55

   26 sync_constraint: "identifier" • "@" "identifier" sync_strength

    "@"  shift, and go to state 64


State 56

   14 declaration: "sync" ":" sync_constraint_list • attr_list end_declaration
   25 sync_constraint_list: sync_constraint_list • ":" sync_constraint

    ":"  shift, and go to state 65
    "{"  shift, and go to state 10

    $default  reduce using rule 18 (attr_list)

    attr_list  go to state 66


State 57

   24 sync_constraint_list: sync_constraint •

    $default  reduce using rule 24 (sync_constraint_list)


State 58

    8 declaration: "clock" ":" uinteger ":" • "identifier" attr_list end_declaration

    "identifier"  shift, and go to state 67


State 59

    9 declaration: "edge" ":" "identifier" ":" • "identifier" ":" "identifier" ":" "identifier" attr_list end_declaration

    "identifier"  shift, and go to state 68


State 60

   10 declaration: "event" ":" "identifier" attr_list • end_declaration

    "end of file"  shift, and go to state 16
    "\n"           shift, and go to state 17

    end_declaration  go to state 69


State 61

   11 declaration: "int" ":" uinteger ":" • integer ":" integer ":" integer ":" "identifier" attr_list end_declaration

    "integer value"  shift, and go to state 70

    integer  go to state 71


State 62

   12 declaration: "location" ":" "identifier" ":" • "identifier" attr_list end_declaration

    "identifier"  shift, and go to state 72


State 63

   13 declaration: "process" ":" "identifier" attr_list • end_declaration

    "end of file"  shift, and go to state 16
    "\n"           shift, and go to state 17

    end_declaration  go to state 73


State 64

   26 sync_constraint: "identifier" "@" • "identifier" sync_strength

    "identifier"  shift, and go to state 74


State 65

   25 sync_constraint_list: sync_constraint_list ":" • sync_constraint

    "identifier"  shift, and go to state 55

    sync_constraint  go to state 75


State 66

   14 declaration: "sync" ":" sync_constraint_list attr_list • end_declaration

    "end of file"  shift, and go to state 16
    "\n"           shift, and go to state 17

    end_declaration  go to state 76


State 67

    8 declaration: "clock" ":" uinteger ":" "identifier" • attr_list end_declaration

    "{"  shift, and go to state 10

    $default  reduce using rule 18 (attr_list)

    attr_list  go to state 77


State 68

    9 declaration: "edge" ":" "identifier" ":" "identifier" • ":" "identifier" ":" "identifier" attr_list end_declaration

    ":"  shift, and go to state 78


State 69

   10 declaration: "event" ":" "identifier" attr_list end_declaration •

    $default  reduce using rule 10 (declaration)


State 70

   33 integer: "integer value" •

    $default  reduce using rule 33 (integer)


State 71

   11 declaration: "int" ":" uinteger ":" integer • ":" integer ":" integer ":" "identifier" attr_list end_declaration

    ":"  shift, and go to state 79


State 72

   12 declaration: "location" ":" "identifier" ":" "identifier" • attr_list end_declaration

    "{"  shift, and go to state 10

    $default  reduce using rule 18 (attr_list)

    attr_list  go to state 80


State 73

   13 declaration: "process" ":" "identifier" attr_list end_declaration •

    $default  reduce using rule 13 (declaration)


State 74

   26 sync_constraint: "identifier" "@" "identifier" • sync_strength

    "?"  shift, and go to state 81

    $default  reduce using rule 28 (sync_strength)

    sync_strength  go to state 82


State 75

   25 sync_constraint_list: sync_constraint_list ":" sync_constraint •

    $default  reduce using rule 25 (sync_constraint_list)


State 76

   14 declaration: "sync" ":" sync_constraint_list attr_list end_declaration •

    $default  reduce using rule 14 (declaration)


State 77

    8 declaration: "clock" ":" uinteger ":" "identifier" attr_list • end_declaration

    "end of file"  shift, and go to state 16
    "\n"           shift, and go to state 17

    end_declaration  go to state 83


State 78

    9 declaration: "edge" ":" "identifier" ":" "identifier" ":" • "identifier" ":" "identifier" attr_list end_declaration

    "identifier"  shift, and go to state 84


State 79

   11 declaration: "int" ":" uinteger ":" integer ":" • integer ":" integer ":" "identifier" attr_list end_declaration

    "integer value"  shift, and go to state 70

    integer  go to state 85


State 80

   12 declaration: "location" ":" "identifier" ":" "identifier" attr_list • end_declaration

    "end of file"  shift, and go to state 16
    "\n"           shift, and go to state 17

    end_declaration  go to state 86


State 81

   27 sync_strength: "?" •

    $default  reduce using rule 27 (sync_strength)


State 82

   26 sync_constraint: "identifier" "@" "identifier" sync_strength •

    $default  reduce using rule 26 (sync_constraint)


State 83

    8 declaration: "clock" ":" uinteger ":" "identifier" attr_list end_declaration •

    $default  reduce using rule 8 (declaration)


State 84

    9 declaration: "edge" ":" "identifier" ":" "identifier" ":" "identifier" • ":" "identifier" attr_list end_declaration

    ":"  shift, and go to state 87


State 85

   11 declaration: "int" ":" uinteger ":" integer ":" integer • ":" integer ":" "identifier" attr_list end_declaration

    ":"  shift, and go to state 88


State 86

   12 declaration: "location" ":" "identifier" ":" "identifier" attr_list end_declaration •

    $default  reduce using rule 12 (declaration)


State 87

    9 declaration: "edge" ":" "identifier" ":" "identifier" ":" "identifier" ":" • "identifier" attr_list end_declaration

    "identifier"  shift, and go to state 89


State 88

   11 declaration: "int" ":" uinteger ":" integer ":" integer ":" • integer ":" "identifier" attr_list end_declaration

    "integer value"  shift, and go to state 70

    integer  go to state 90


State 89

    9 declaration: "edge" ":" "identifier" ":" "identifier" ":" "identifier" ":" "identifier" • attr_list end_declaration

    "{"  shift, and go to state 10

    $default  reduce using rule 18 (attr_list)

    attr_list  go to state 91


State 90

   11 declaration: "int" ":" uinteger ":" integer ":" integer ":" integer • ":" "identifier" attr_list end_declaration

    ":"  shift, and go to state 92


State 91

    9 declaration: "edge" ":" "identifier" ":" "identifier" ":" "identifier" ":" "identifier" attr_list • end_declaration

    "end of file"  shift, and go to state 16
    "\n"           shift, and go to state 17

    end_declaration  go to state 93


State 92

   11 declaration: "int" ":" uinteger ":" integer ":" integer ":" integer ":" • "identifier" attr_list end_declaration

    "identifier"  shift, and go to state 94


State 93

    9 declaration: "edge" ":" "identifier" ":" "identifier" ":" "identifier" ":" "identifier" attr_list end_declaration •

    $default  reduce using rule 9 (declaration)


State 94

   11 declaration: "int" ":" uinteger ":" integer ":" integer ":" integer ":" "identifier" • attr_list end_declaration

    "{"  shift, and go to state 10

    $default  reduce using rule 18 (attr_list)

    attr_list  go to state 95


State 95

   11 declaration: "int" ":" uinteger ":" integer ":" integer ":" integer ":" "identifier" attr_list • end_declaration

    "end of file"  shift, and go to state 16
    "\n"           shift, and go to state 17

    end_declaration  go to state 96


State 96

   11 declaration: "int" ":" uinteger ":" integer ":" integer ":" integer ":" "identifier" attr_list end_declaration •

    $default  reduce using rule 11 (declaration)
